[0.691s] Invoking command in '/home/whaly/robot_generic_ws/src/generic_robot_py_controller': CONDA_PROMPT_MODIFIER=(base) PYTHONPATH=/home/whaly/robot_generic_ws/build/generic_robot_py_controller/prefix_override:/usr/lib/python3/dist-packages/colcon_core/task/python/colcon_distutils_commands:/home/whaly/robot_generic_ws/install/generic_robot_py_controller/lib/python3.10/site-packages:${PYTHONPATH} /usr/bin/python3 -W ignore:setup.py install is deprecated -W ignore:easy_install command is deprecated setup.py egg_info --egg-base ../../build/generic_robot_py_controller build --build-base /home/whaly/robot_generic_ws/build/generic_robot_py_controller/build install --record /home/whaly/robot_generic_ws/build/generic_robot_py_controller/install.log --single-version-externally-managed install_data
[0.939s] running egg_info
[0.939s] writing ../../build/generic_robot_py_controller/generic_robot_py_controller.egg-info/PKG-INFO
[0.939s] writing dependency_links to ../../build/generic_robot_py_controller/generic_robot_py_controller.egg-info/dependency_links.txt
[0.940s] writing entry points to ../../build/generic_robot_py_controller/generic_robot_py_controller.egg-info/entry_points.txt
[0.940s] writing requirements to ../../build/generic_robot_py_controller/generic_robot_py_controller.egg-info/requires.txt
[0.940s] writing top-level names to ../../build/generic_robot_py_controller/generic_robot_py_controller.egg-info/top_level.txt
[0.941s] reading manifest file '../../build/generic_robot_py_controller/generic_robot_py_controller.egg-info/SOURCES.txt'
[0.942s] writing manifest file '../../build/generic_robot_py_controller/generic_robot_py_controller.egg-info/SOURCES.txt'
[0.942s] running build
[0.942s] running build_py
[0.942s] copying generic_robot_py_controller/joint_state_publisher.py -> /home/whaly/robot_generic_ws/build/generic_robot_py_controller/build/lib/generic_robot_py_controller
[0.942s] running install
[0.943s] running install_lib
[0.943s] copying /home/whaly/robot_generic_ws/build/generic_robot_py_controller/build/lib/generic_robot_py_controller/joint_state_publisher.py -> /home/whaly/robot_generic_ws/install/generic_robot_py_controller/lib/python3.10/site-packages/generic_robot_py_controller
[0.944s] byte-compiling /home/whaly/robot_generic_ws/install/generic_robot_py_controller/lib/python3.10/site-packages/generic_robot_py_controller/joint_state_publisher.py to joint_state_publisher.cpython-310.pyc
[0.945s] running install_data
[0.945s] running install_egg_info
[0.947s] removing '/home/whaly/robot_generic_ws/install/generic_robot_py_controller/lib/python3.10/site-packages/generic_robot_py_controller-0.0.0-py3.10.egg-info' (and everything under it)
[0.947s] Copying ../../build/generic_robot_py_controller/generic_robot_py_controller.egg-info to /home/whaly/robot_generic_ws/install/generic_robot_py_controller/lib/python3.10/site-packages/generic_robot_py_controller-0.0.0-py3.10.egg-info
[0.947s] running install_scripts
[0.966s] Installing joint_state_publisher script to /home/whaly/robot_generic_ws/install/generic_robot_py_controller/lib/generic_robot_py_controller
[0.966s] Installing robot_position_controller_publisher script to /home/whaly/robot_generic_ws/install/generic_robot_py_controller/lib/generic_robot_py_controller
[0.966s] writing list of installed files to '/home/whaly/robot_generic_ws/build/generic_robot_py_controller/install.log'
[0.986s] Invoked command in '/home/whaly/robot_generic_ws/src/generic_robot_py_controller' returned '0': CONDA_PROMPT_MODIFIER=(base) PYTHONPATH=/home/whaly/robot_generic_ws/build/generic_robot_py_controller/prefix_override:/usr/lib/python3/dist-packages/colcon_core/task/python/colcon_distutils_commands:/home/whaly/robot_generic_ws/install/generic_robot_py_controller/lib/python3.10/site-packages:${PYTHONPATH} /usr/bin/python3 -W ignore:setup.py install is deprecated -W ignore:easy_install command is deprecated setup.py egg_info --egg-base ../../build/generic_robot_py_controller build --build-base /home/whaly/robot_generic_ws/build/generic_robot_py_controller/build install --record /home/whaly/robot_generic_ws/build/generic_robot_py_controller/install.log --single-version-externally-managed install_data
