running egg_info
writing ../../build/generic_robot_py_controller/generic_robot_py_controller.egg-info/PKG-INFO
writing dependency_links to ../../build/generic_robot_py_controller/generic_robot_py_controller.egg-info/dependency_links.txt
writing entry points to ../../build/generic_robot_py_controller/generic_robot_py_controller.egg-info/entry_points.txt
writing requirements to ../../build/generic_robot_py_controller/generic_robot_py_controller.egg-info/requires.txt
writing top-level names to ../../build/generic_robot_py_controller/generic_robot_py_controller.egg-info/top_level.txt
reading manifest file '../../build/generic_robot_py_controller/generic_robot_py_controller.egg-info/SOURCES.txt'
writing manifest file '../../build/generic_robot_py_controller/generic_robot_py_controller.egg-info/SOURCES.txt'
running build
running build_py
running install
running install_lib
running install_data
running install_egg_info
removing '/home/whaly/robot_generic_ws/install/generic_robot_py_controller/lib/python3.10/site-packages/generic_robot_py_controller-0.0.0-py3.10.egg-info' (and everything under it)
Copying ../../build/generic_robot_py_controller/generic_robot_py_controller.egg-info to /home/whaly/robot_generic_ws/install/generic_robot_py_controller/lib/python3.10/site-packages/generic_robot_py_controller-0.0.0-py3.10.egg-info
running install_scripts
Installing joint_state_publisher script to /home/whaly/robot_generic_ws/install/generic_robot_py_controller/lib/generic_robot_py_controller
Installing robot_position_controller_publisher script to /home/whaly/robot_generic_ws/install/generic_robot_py_controller/lib/generic_robot_py_controller
writing list of installed files to '/home/whaly/robot_generic_ws/build/generic_robot_py_controller/install.log'
