[0.645s] Invoking command in '/home/whaly/robot_generic_ws/src/generic_robot_py_controller': CONDA_PROMPT_MODIFIER=(base) PYTHONPATH=/home/whaly/robot_generic_ws/build/generic_robot_py_controller/prefix_override:/usr/lib/python3/dist-packages/colcon_core/task/python/colcon_distutils_commands:/home/whaly/robot_generic_ws/install/generic_robot_py_controller/lib/python3.10/site-packages:${PYTHONPATH} /usr/bin/python3 -W ignore:setup.py install is deprecated -W ignore:easy_install command is deprecated setup.py egg_info --egg-base ../../build/generic_robot_py_controller build --build-base /home/whaly/robot_generic_ws/build/generic_robot_py_controller/build install --record /home/whaly/robot_generic_ws/build/generic_robot_py_controller/install.log --single-version-externally-managed install_data
[0.860s] running egg_info
[0.861s] writing ../../build/generic_robot_py_controller/generic_robot_py_controller.egg-info/PKG-INFO
[0.871s] writing dependency_links to ../../build/generic_robot_py_controller/generic_robot_py_controller.egg-info/dependency_links.txt
[0.871s] writing entry points to ../../build/generic_robot_py_controller/generic_robot_py_controller.egg-info/entry_points.txt
[0.871s] writing requirements to ../../build/generic_robot_py_controller/generic_robot_py_controller.egg-info/requires.txt
[0.871s] writing top-level names to ../../build/generic_robot_py_controller/generic_robot_py_controller.egg-info/top_level.txt
[0.873s] reading manifest file '../../build/generic_robot_py_controller/generic_robot_py_controller.egg-info/SOURCES.txt'
[0.876s] writing manifest file '../../build/generic_robot_py_controller/generic_robot_py_controller.egg-info/SOURCES.txt'
[0.876s] running build
[0.876s] running build_py
[0.876s] running install
[0.876s] running install_lib
[0.878s] running install_data
[0.878s] running install_egg_info
[0.880s] removing '/home/whaly/robot_generic_ws/install/generic_robot_py_controller/lib/python3.10/site-packages/generic_robot_py_controller-0.0.0-py3.10.egg-info' (and everything under it)
[0.880s] Copying ../../build/generic_robot_py_controller/generic_robot_py_controller.egg-info to /home/whaly/robot_generic_ws/install/generic_robot_py_controller/lib/python3.10/site-packages/generic_robot_py_controller-0.0.0-py3.10.egg-info
[0.880s] running install_scripts
[0.899s] Installing joint_state_publisher script to /home/whaly/robot_generic_ws/install/generic_robot_py_controller/lib/generic_robot_py_controller
[0.899s] Installing robot_position_controller_publisher script to /home/whaly/robot_generic_ws/install/generic_robot_py_controller/lib/generic_robot_py_controller
[0.900s] writing list of installed files to '/home/whaly/robot_generic_ws/build/generic_robot_py_controller/install.log'
[0.924s] Invoked command in '/home/whaly/robot_generic_ws/src/generic_robot_py_controller' returned '0': CONDA_PROMPT_MODIFIER=(base) PYTHONPATH=/home/whaly/robot_generic_ws/build/generic_robot_py_controller/prefix_override:/usr/lib/python3/dist-packages/colcon_core/task/python/colcon_distutils_commands:/home/whaly/robot_generic_ws/install/generic_robot_py_controller/lib/python3.10/site-packages:${PYTHONPATH} /usr/bin/python3 -W ignore:setup.py install is deprecated -W ignore:easy_install command is deprecated setup.py egg_info --egg-base ../../build/generic_robot_py_controller build --build-base /home/whaly/robot_generic_ws/build/generic_robot_py_controller/build install --record /home/whaly/robot_generic_ws/build/generic_robot_py_controller/install.log --single-version-externally-managed install_data
