running egg_info
creating ../../build/generic_robot_py_controller/generic_robot_py_controller.egg-info
writing ../../build/generic_robot_py_controller/generic_robot_py_controller.egg-info/PKG-INFO
writing dependency_links to ../../build/generic_robot_py_controller/generic_robot_py_controller.egg-info/dependency_links.txt
writing entry points to ../../build/generic_robot_py_controller/generic_robot_py_controller.egg-info/entry_points.txt
writing requirements to ../../build/generic_robot_py_controller/generic_robot_py_controller.egg-info/requires.txt
writing top-level names to ../../build/generic_robot_py_controller/generic_robot_py_controller.egg-info/top_level.txt
writing manifest file '../../build/generic_robot_py_controller/generic_robot_py_controller.egg-info/SOURCES.txt'
reading manifest file '../../build/generic_robot_py_controller/generic_robot_py_controller.egg-info/SOURCES.txt'
writing manifest file '../../build/generic_robot_py_controller/generic_robot_py_controller.egg-info/SOURCES.txt'
running build
running build_py
creating /home/whaly/robot_generic_ws/build/generic_robot_py_controller/build
creating /home/whaly/robot_generic_ws/build/generic_robot_py_controller/build/lib
creating /home/whaly/robot_generic_ws/build/generic_robot_py_controller/build/lib/generic_robot_py_controller
copying generic_robot_py_controller/robot_position_controller_publisher.py -> /home/whaly/robot_generic_ws/build/generic_robot_py_controller/build/lib/generic_robot_py_controller
copying generic_robot_py_controller/__init__.py -> /home/whaly/robot_generic_ws/build/generic_robot_py_controller/build/lib/generic_robot_py_controller
copying generic_robot_py_controller/joint_state_publisher.py -> /home/whaly/robot_generic_ws/build/generic_robot_py_controller/build/lib/generic_robot_py_controller
running install
running install_lib
creating /home/whaly/robot_generic_ws/install/generic_robot_py_controller/lib/python3.10/site-packages/generic_robot_py_controller
copying /home/whaly/robot_generic_ws/build/generic_robot_py_controller/build/lib/generic_robot_py_controller/robot_position_controller_publisher.py -> /home/whaly/robot_generic_ws/install/generic_robot_py_controller/lib/python3.10/site-packages/generic_robot_py_controller
copying /home/whaly/robot_generic_ws/build/generic_robot_py_controller/build/lib/generic_robot_py_controller/__init__.py -> /home/whaly/robot_generic_ws/install/generic_robot_py_controller/lib/python3.10/site-packages/generic_robot_py_controller
copying /home/whaly/robot_generic_ws/build/generic_robot_py_controller/build/lib/generic_robot_py_controller/joint_state_publisher.py -> /home/whaly/robot_generic_ws/install/generic_robot_py_controller/lib/python3.10/site-packages/generic_robot_py_controller
byte-compiling /home/whaly/robot_generic_ws/install/generic_robot_py_controller/lib/python3.10/site-packages/generic_robot_py_controller/robot_position_controller_publisher.py to robot_position_controller_publisher.cpython-310.pyc
byte-compiling /home/whaly/robot_generic_ws/install/generic_robot_py_controller/lib/python3.10/site-packages/generic_robot_py_controller/__init__.py to __init__.cpython-310.pyc
byte-compiling /home/whaly/robot_generic_ws/install/generic_robot_py_controller/lib/python3.10/site-packages/generic_robot_py_controller/joint_state_publisher.py to joint_state_publisher.cpython-310.pyc
running install_data
creating /home/whaly/robot_generic_ws/install/generic_robot_py_controller/share/ament_index
creating /home/whaly/robot_generic_ws/install/generic_robot_py_controller/share/ament_index/resource_index
creating /home/whaly/robot_generic_ws/install/generic_robot_py_controller/share/ament_index/resource_index/packages
copying resource/generic_robot_py_controller -> /home/whaly/robot_generic_ws/install/generic_robot_py_controller/share/ament_index/resource_index/packages
copying package.xml -> /home/whaly/robot_generic_ws/install/generic_robot_py_controller/share/generic_robot_py_controller
running install_egg_info
Copying ../../build/generic_robot_py_controller/generic_robot_py_controller.egg-info to /home/whaly/robot_generic_ws/install/generic_robot_py_controller/lib/python3.10/site-packages/generic_robot_py_controller-0.0.0-py3.10.egg-info
running install_scripts
Installing joint_state_publisher script to /home/whaly/robot_generic_ws/install/generic_robot_py_controller/lib/generic_robot_py_controller
Installing robot_position_controller_publisher script to /home/whaly/robot_generic_ws/install/generic_robot_py_controller/lib/generic_robot_py_controller
writing list of installed files to '/home/whaly/robot_generic_ws/build/generic_robot_py_controller/install.log'
