[1.015s] Invoking command in '/home/whaly/robot_generic_ws/src/generic_robot_py_controller': CONDA_PROMPT_MODIFIER=(base) PYTHONPATH=/home/whaly/robot_generic_ws/build/generic_robot_py_controller/prefix_override:/usr/lib/python3/dist-packages/colcon_core/task/python/colcon_distutils_commands:/home/whaly/robot_generic_ws/install/generic_robot_py_controller/lib/python3.10/site-packages:${PYTHONPATH} /usr/bin/python3 -W ignore:setup.py install is deprecated -W ignore:easy_install command is deprecated setup.py egg_info --egg-base ../../build/generic_robot_py_controller build --build-base /home/whaly/robot_generic_ws/build/generic_robot_py_controller/build install --record /home/whaly/robot_generic_ws/build/generic_robot_py_controller/install.log --single-version-externally-managed install_data
[1.373s] running egg_info
[1.374s] creating ../../build/generic_robot_py_controller/generic_robot_py_controller.egg-info
[1.374s] writing ../../build/generic_robot_py_controller/generic_robot_py_controller.egg-info/PKG-INFO
[1.375s] writing dependency_links to ../../build/generic_robot_py_controller/generic_robot_py_controller.egg-info/dependency_links.txt
[1.375s] writing entry points to ../../build/generic_robot_py_controller/generic_robot_py_controller.egg-info/entry_points.txt
[1.375s] writing requirements to ../../build/generic_robot_py_controller/generic_robot_py_controller.egg-info/requires.txt
[1.375s] writing top-level names to ../../build/generic_robot_py_controller/generic_robot_py_controller.egg-info/top_level.txt
[1.375s] writing manifest file '../../build/generic_robot_py_controller/generic_robot_py_controller.egg-info/SOURCES.txt'
[1.377s] reading manifest file '../../build/generic_robot_py_controller/generic_robot_py_controller.egg-info/SOURCES.txt'
[1.378s] writing manifest file '../../build/generic_robot_py_controller/generic_robot_py_controller.egg-info/SOURCES.txt'
[1.378s] running build
[1.378s] running build_py
[1.378s] creating /home/whaly/robot_generic_ws/build/generic_robot_py_controller/build
[1.378s] creating /home/whaly/robot_generic_ws/build/generic_robot_py_controller/build/lib
[1.378s] creating /home/whaly/robot_generic_ws/build/generic_robot_py_controller/build/lib/generic_robot_py_controller
[1.378s] copying generic_robot_py_controller/robot_position_controller_publisher.py -> /home/whaly/robot_generic_ws/build/generic_robot_py_controller/build/lib/generic_robot_py_controller
[1.379s] copying generic_robot_py_controller/__init__.py -> /home/whaly/robot_generic_ws/build/generic_robot_py_controller/build/lib/generic_robot_py_controller
[1.379s] copying generic_robot_py_controller/joint_state_publisher.py -> /home/whaly/robot_generic_ws/build/generic_robot_py_controller/build/lib/generic_robot_py_controller
[1.379s] running install
[1.379s] running install_lib
[1.380s] creating /home/whaly/robot_generic_ws/install/generic_robot_py_controller/lib/python3.10/site-packages/generic_robot_py_controller
[1.381s] copying /home/whaly/robot_generic_ws/build/generic_robot_py_controller/build/lib/generic_robot_py_controller/robot_position_controller_publisher.py -> /home/whaly/robot_generic_ws/install/generic_robot_py_controller/lib/python3.10/site-packages/generic_robot_py_controller
[1.381s] copying /home/whaly/robot_generic_ws/build/generic_robot_py_controller/build/lib/generic_robot_py_controller/__init__.py -> /home/whaly/robot_generic_ws/install/generic_robot_py_controller/lib/python3.10/site-packages/generic_robot_py_controller
[1.381s] copying /home/whaly/robot_generic_ws/build/generic_robot_py_controller/build/lib/generic_robot_py_controller/joint_state_publisher.py -> /home/whaly/robot_generic_ws/install/generic_robot_py_controller/lib/python3.10/site-packages/generic_robot_py_controller
[1.382s] byte-compiling /home/whaly/robot_generic_ws/install/generic_robot_py_controller/lib/python3.10/site-packages/generic_robot_py_controller/robot_position_controller_publisher.py to robot_position_controller_publisher.cpython-310.pyc
[1.383s] byte-compiling /home/whaly/robot_generic_ws/install/generic_robot_py_controller/lib/python3.10/site-packages/generic_robot_py_controller/__init__.py to __init__.cpython-310.pyc
[1.383s] byte-compiling /home/whaly/robot_generic_ws/install/generic_robot_py_controller/lib/python3.10/site-packages/generic_robot_py_controller/joint_state_publisher.py to joint_state_publisher.cpython-310.pyc
[1.384s] running install_data
[1.384s] creating /home/whaly/robot_generic_ws/install/generic_robot_py_controller/share/ament_index
[1.384s] creating /home/whaly/robot_generic_ws/install/generic_robot_py_controller/share/ament_index/resource_index
[1.384s] creating /home/whaly/robot_generic_ws/install/generic_robot_py_controller/share/ament_index/resource_index/packages
[1.384s] copying resource/generic_robot_py_controller -> /home/whaly/robot_generic_ws/install/generic_robot_py_controller/share/ament_index/resource_index/packages
[1.385s] copying package.xml -> /home/whaly/robot_generic_ws/install/generic_robot_py_controller/share/generic_robot_py_controller
[1.385s] running install_egg_info
[1.389s] Copying ../../build/generic_robot_py_controller/generic_robot_py_controller.egg-info to /home/whaly/robot_generic_ws/install/generic_robot_py_controller/lib/python3.10/site-packages/generic_robot_py_controller-0.0.0-py3.10.egg-info
[1.390s] running install_scripts
[1.424s] Installing joint_state_publisher script to /home/whaly/robot_generic_ws/install/generic_robot_py_controller/lib/generic_robot_py_controller
[1.424s] Installing robot_position_controller_publisher script to /home/whaly/robot_generic_ws/install/generic_robot_py_controller/lib/generic_robot_py_controller
[1.424s] writing list of installed files to '/home/whaly/robot_generic_ws/build/generic_robot_py_controller/install.log'
[1.456s] Invoked command in '/home/whaly/robot_generic_ws/src/generic_robot_py_controller' returned '0': CONDA_PROMPT_MODIFIER=(base) PYTHONPATH=/home/whaly/robot_generic_ws/build/generic_robot_py_controller/prefix_override:/usr/lib/python3/dist-packages/colcon_core/task/python/colcon_distutils_commands:/home/whaly/robot_generic_ws/install/generic_robot_py_controller/lib/python3.10/site-packages:${PYTHONPATH} /usr/bin/python3 -W ignore:setup.py install is deprecated -W ignore:easy_install command is deprecated setup.py egg_info --egg-base ../../build/generic_robot_py_controller build --build-base /home/whaly/robot_generic_ws/build/generic_robot_py_controller/build install --record /home/whaly/robot_generic_ws/build/generic_robot_py_controller/install.log --single-version-externally-managed install_data
